1564496473063	mozrunner::runner	INFO	Running command: "/usr/bin/firefox" "-marionette" "--disable-gpu" "-foreground" "-no-remote" "-profile" "/tmp/rust_mozprofile.igTByNekvDBj"
1564496474882	addons.webextension.screenshots@mozilla.org	WARN	Loading extension 'screenshots@mozilla.org': Reading manifest: Invalid extension permission: mozillaAddons
1564496474882	addons.webextension.screenshots@mozilla.org	WARN	Loading extension 'screenshots@mozilla.org': Reading manifest: Invalid extension permission: telemetry
1564496474883	addons.webextension.screenshots@mozilla.org	WARN	Loading extension 'screenshots@mozilla.org': Reading manifest: Invalid extension permission: resource://pdf.js/
1564496474883	addons.webextension.screenshots@mozilla.org	WARN	Loading extension 'screenshots@mozilla.org': Reading manifest: Invalid extension permission: about:reader*
1564496479400	Marionette	INFO	Listening on port 45323
1564496479511	Marionette	WARN	TLS certificate errors will be ignored for this session

(/usr/lib/firefox/firefox:28585): dconf-WARNING **: 22:21:23.413: Unable to open /var/lib/snapd/desktop/dconf/profile/user: 权限不够
JavaScript warning: https://webresource.c-ctrip.com/code/ubt/fp-em9.js, line 115: TypeError: asm.js type error: arguments to a comparison must both be signed, unsigned, floats or doubles; double and fixnum are given
1564496513679	Marionette	INFO	Stopped listening on port 45323
1564496516046	mozrunner::runner	INFO	Running command: "/usr/bin/firefox" "-marionette" "--disable-gpu" "-foreground" "-no-remote" "-profile" "/tmp/rust_mozprofile.UAe0W5dnX80A"
1564496517428	addons.webextension.screenshots@mozilla.org	WARN	Loading extension 'screenshots@mozilla.org': Reading manifest: Invalid extension permission: mozillaAddons
1564496517428	addons.webextension.screenshots@mozilla.org	WARN	Loading extension 'screenshots@mozilla.org': Reading manifest: Invalid extension permission: telemetry
1564496517429	addons.webextension.screenshots@mozilla.org	WARN	Loading extension 'screenshots@mozilla.org': Reading manifest: Invalid extension permission: resource://pdf.js/
1564496517429	addons.webextension.screenshots@mozilla.org	WARN	Loading extension 'screenshots@mozilla.org': Reading manifest: Invalid extension permission: about:reader*
1564496521701	Marionette	INFO	Listening on port 40837
1564496521778	Marionette	WARN	TLS certificate errors will be ignored for this session

(/usr/lib/firefox/firefox:28798): dconf-WARNING **: 22:22:04.190: Unable to open /var/lib/snapd/desktop/dconf/profile/user: 权限不够
JavaScript warning: https://webresource.c-ctrip.com/code/ubt/fp-em9.js, line 115: TypeError: asm.js type error: arguments to a comparison must both be signed, unsigned, floats or doubles; double and fixnum are given
[Parent 28716, Gecko_IOThread] WARNING: pipe error (141): 连接被对方重设: file /build/firefox-tGfEvD/firefox-68.0.1+build1/ipc/chromium/src/chrome/common/ipc_channel_posix.cc, line 358
1564496539637	Marionette	INFO	Stopped listening on port 40837
1564496782944	mozrunner::runner	INFO	Running command: "/usr/bin/firefox" "-marionette" "--disable-gpu" "-foreground" "-no-remote" "-profile" "/tmp/rust_mozprofile.sa30IUz4gnzD"
1564496785105	addons.webextension.screenshots@mozilla.org	WARN	Loading extension 'screenshots@mozilla.org': Reading manifest: Invalid extension permission: mozillaAddons
1564496785105	addons.webextension.screenshots@mozilla.org	WARN	Loading extension 'screenshots@mozilla.org': Reading manifest: Invalid extension permission: telemetry
1564496785106	addons.webextension.screenshots@mozilla.org	WARN	Loading extension 'screenshots@mozilla.org': Reading manifest: Invalid extension permission: resource://pdf.js/
1564496785106	addons.webextension.screenshots@mozilla.org	WARN	Loading extension 'screenshots@mozilla.org': Reading manifest: Invalid extension permission: about:reader*
1564496789726	Marionette	INFO	Listening on port 44149
1564496789782	Marionette	WARN	TLS certificate errors will be ignored for this session

(/usr/lib/firefox/firefox:29296): dconf-WARNING **: 22:26:32.781: Unable to open /var/lib/snapd/desktop/dconf/profile/user: 权限不够
JavaScript warning: https://webresource.c-ctrip.com/code/ubt/fp-em9.js, line 115: TypeError: asm.js type error: arguments to a comparison must both be signed, unsigned, floats or doubles; double and fixnum are given
[Parent 29214, Gecko_IOThread] WARNING: pipe error (137): 连接被对方重设: file /build/firefox-tGfEvD/firefox-68.0.1+build1/ipc/chromium/src/chrome/common/ipc_channel_posix.cc, line 358
1564496807847	Marionette	INFO	Stopped listening on port 44149
1564496817558	mozrunner::runner	INFO	Running command: "/usr/bin/firefox" "-marionette" "--disable-gpu" "-foreground" "-no-remote" "-profile" "/tmp/rust_mozprofile.lkLnFvdljqGT"
1564496818705	addons.webextension.screenshots@mozilla.org	WARN	Loading extension 'screenshots@mozilla.org': Reading manifest: Invalid extension permission: mozillaAddons
1564496818705	addons.webextension.screenshots@mozilla.org	WARN	Loading extension 'screenshots@mozilla.org': Reading manifest: Invalid extension permission: telemetry
1564496818706	addons.webextension.screenshots@mozilla.org	WARN	Loading extension 'screenshots@mozilla.org': Reading manifest: Invalid extension permission: resource://pdf.js/
1564496818706	addons.webextension.screenshots@mozilla.org	WARN	Loading extension 'screenshots@mozilla.org': Reading manifest: Invalid extension permission: about:reader*
1564496822927	Marionette	INFO	Listening on port 33437
1564496822996	Marionette	WARN	TLS certificate errors will be ignored for this session
1564496891544	mozrunner::runner	INFO	Running command: "/usr/bin/firefox" "-marionette" "--disable-gpu" "-foreground" "-no-remote" "-profile" "/tmp/rust_mozprofile.7ggGmqHclCTd"
1564496892826	addons.webextension.screenshots@mozilla.org	WARN	Loading extension 'screenshots@mozilla.org': Reading manifest: Invalid extension permission: mozillaAddons
1564496892826	addons.webextension.screenshots@mozilla.org	WARN	Loading extension 'screenshots@mozilla.org': Reading manifest: Invalid extension permission: telemetry
1564496892827	addons.webextension.screenshots@mozilla.org	WARN	Loading extension 'screenshots@mozilla.org': Reading manifest: Invalid extension permission: resource://pdf.js/
1564496892827	addons.webextension.screenshots@mozilla.org	WARN	Loading extension 'screenshots@mozilla.org': Reading manifest: Invalid extension permission: about:reader*
1564496897632	Marionette	INFO	Listening on port 34141
1564496897682	Marionette	WARN	TLS certificate errors will be ignored for this session
1564496900427	Marionette	INFO	Stopped listening on port 33437
1564496911684	Marionette	INFO	Stopped listening on port 34141
1564496937795	mozrunner::runner	INFO	Running command: "/usr/bin/firefox" "-marionette" "--disable-gpu" "-foreground" "-no-remote" "-profile" "/tmp/rust_mozprofile.3clTACErgg2q"
1564496938896	addons.webextension.screenshots@mozilla.org	WARN	Loading extension 'screenshots@mozilla.org': Reading manifest: Invalid extension permission: mozillaAddons
1564496938896	addons.webextension.screenshots@mozilla.org	WARN	Loading extension 'screenshots@mozilla.org': Reading manifest: Invalid extension permission: telemetry
1564496938897	addons.webextension.screenshots@mozilla.org	WARN	Loading extension 'screenshots@mozilla.org': Reading manifest: Invalid extension permission: resource://pdf.js/
1564496938897	addons.webextension.screenshots@mozilla.org	WARN	Loading extension 'screenshots@mozilla.org': Reading manifest: Invalid extension permission: about:reader*
1564496942867	Marionette	INFO	Listening on port 35915
1564496942946	Marionette	WARN	TLS certificate errors will be ignored for this session
1564496968598	mozrunner::runner	INFO	Running command: "/usr/bin/firefox" "-marionette" "--disable-gpu" "-foreground" "-no-remote" "-profile" "/tmp/rust_mozprofile.rwajS2ctb6K0"
1564496969588	addons.webextension.screenshots@mozilla.org	WARN	Loading extension 'screenshots@mozilla.org': Reading manifest: Invalid extension permission: mozillaAddons
1564496969589	addons.webextension.screenshots@mozilla.org	WARN	Loading extension 'screenshots@mozilla.org': Reading manifest: Invalid extension permission: telemetry
1564496969590	addons.webextension.screenshots@mozilla.org	WARN	Loading extension 'screenshots@mozilla.org': Reading manifest: Invalid extension permission: resource://pdf.js/
1564496969590	addons.webextension.screenshots@mozilla.org	WARN	Loading extension 'screenshots@mozilla.org': Reading manifest: Invalid extension permission: about:reader*
1564496973243	Marionette	INFO	Listening on port 41813
1564496973330	Marionette	WARN	TLS certificate errors will be ignored for this session
1564496976211	Marionette	INFO	Stopped listening on port 35915
1564497100310	mozrunner::runner	INFO	Running command: "/usr/bin/firefox" "-marionette" "--disable-gpu" "-foreground" "-no-remote" "-profile" "/tmp/rust_mozprofile.k5gq2unhGzNR"
1564497101979	addons.webextension.screenshots@mozilla.org	WARN	Loading extension 'screenshots@mozilla.org': Reading manifest: Invalid extension permission: mozillaAddons
1564497101979	addons.webextension.screenshots@mozilla.org	WARN	Loading extension 'screenshots@mozilla.org': Reading manifest: Invalid extension permission: telemetry
1564497101980	addons.webextension.screenshots@mozilla.org	WARN	Loading extension 'screenshots@mozilla.org': Reading manifest: Invalid extension permission: resource://pdf.js/
1564497101981	addons.webextension.screenshots@mozilla.org	WARN	Loading extension 'screenshots@mozilla.org': Reading manifest: Invalid extension permission: about:reader*
1564497107597	Marionette	INFO	Listening on port 39387
1564497107659	Marionette	WARN	TLS certificate errors will be ignored for this session
console.warn: "Error while detaching the thread front: 'detach' request packet to 'server1.conn0.child1/context18' can't be sent as the connection is closed."
IPDL protocol error: Handler returned error code!

###!!! [Parent][DispatchAsyncMessage] Error: PLayerTransaction::Msg_ReleaseLayer Processing error: message was deserialized, but the handler returned false (indicating failure)

IPDL protocol error: Handler returned error code!

###!!! [Parent][DispatchAsyncMessage] Error: PLayerTransaction::Msg_ReleaseLayer Processing error: message was deserialized, but the handler returned false (indicating failure)

IPDL protocol error: Handler returned error code!

###!!! [Parent][DispatchAsyncMessage] Error: PLayerTransaction::Msg_ReleaseLayer Processing error: message was deserialized, but the handler returned false (indicating failure)

IPDL protocol error: Handler returned error code!

###!!! [Parent][DispatchAsyncMessage] Error: PLayerTransaction::Msg_ReleaseLayer Processing error: message was deserialized, but the handler returned false (indicating failure)

IPDL protocol error: Handler returned error code!

###!!! [Parent][DispatchAsyncMessage] Error: PLayerTransaction::Msg_ReleaseLayer Processing error: message was deserialized, but the handler returned false (indicating failure)

JavaScript error: resource://devtools/shared/protocol.js, line 1299: Error: Connection closed, pending request to server1.conn0.child1/domnode81, type setNodeValue failed

Request stack:
request@resource://devtools/shared/protocol.js:1386:14
generateRequestMethods/</frontProto[name]@resource://devtools/shared/protocol.js:1510:19
TextEditor/done/</<@resource://devtools/client/inspector/markup/views/text-editor.js:48:21
do@resource://devtools/client/shared/undo.js:72:16
endBatch@resource://devtools/client/shared/undo.js:83:11
do@resource://devtools/client/shared/undo.js:96:10
TextEditor/done/<@resource://devtools/client/inspector/markup/views/text-editor.js:47:29
process@resource://gre/modules/Promise-backend.js:923:38
walkerLoop@resource://gre/modules/Promise-backend.js:807:29
scheduleWalkerLoop/<@resource://gre/modules/Promise-backend.js:743:14

[Parent 30092, Gecko_IOThread] WARNING: pipe error (101): 连接被对方重设: file /build/firefox-tGfEvD/firefox-68.0.1+build1/ipc/chromium/src/chrome/common/ipc_channel_posix.cc, line 358
1564497121456	Marionette	INFO	Stopped listening on port 41813
1564497123415	Marionette	INFO	Stopped listening on port 39387
1564497165806	mozrunner::runner	INFO	Running command: "/usr/bin/firefox" "-marionette" "--disable-gpu" "-foreground" "-no-remote" "-profile" "/tmp/rust_mozprofile.BgcKCkW0SHs5"
1564497167037	addons.webextension.screenshots@mozilla.org	WARN	Loading extension 'screenshots@mozilla.org': Reading manifest: Invalid extension permission: mozillaAddons
1564497167037	addons.webextension.screenshots@mozilla.org	WARN	Loading extension 'screenshots@mozilla.org': Reading manifest: Invalid extension permission: telemetry
1564497167038	addons.webextension.screenshots@mozilla.org	WARN	Loading extension 'screenshots@mozilla.org': Reading manifest: Invalid extension permission: resource://pdf.js/
1564497167038	addons.webextension.screenshots@mozilla.org	WARN	Loading extension 'screenshots@mozilla.org': Reading manifest: Invalid extension permission: about:reader*
1564497170927	Marionette	INFO	Listening on port 34399
1564497171034	Marionette	WARN	TLS certificate errors will be ignored for this session
1564497246389	mozrunner::runner	INFO	Running command: "/usr/bin/firefox" "-marionette" "--disable-gpu" "-foreground" "-no-remote" "-profile" "/tmp/rust_mozprofile.9qxattBUvCPu"
1564497247433	addons.webextension.screenshots@mozilla.org	WARN	Loading extension 'screenshots@mozilla.org': Reading manifest: Invalid extension permission: mozillaAddons
1564497247434	addons.webextension.screenshots@mozilla.org	WARN	Loading extension 'screenshots@mozilla.org': Reading manifest: Invalid extension permission: telemetry
1564497247434	addons.webextension.screenshots@mozilla.org	WARN	Loading extension 'screenshots@mozilla.org': Reading manifest: Invalid extension permission: resource://pdf.js/
1564497247434	addons.webextension.screenshots@mozilla.org	WARN	Loading extension 'screenshots@mozilla.org': Reading manifest: Invalid extension permission: about:reader*
1564497252343	Marionette	INFO	Listening on port 39445
1564497252428	Marionette	WARN	TLS certificate errors will be ignored for this session
[Parent 30643, Gecko_IOThread] WARNING: pipe error (80): 连接被对方重设: file /build/firefox-tGfEvD/firefox-68.0.1+build1/ipc/chromium/src/chrome/common/ipc_channel_posix.cc, line 358
[Parent 30643, Gecko_IOThread] WARNING: pipe error (86): 连接被对方重设: file /build/firefox-tGfEvD/firefox-68.0.1+build1/ipc/chromium/src/chrome/common/ipc_channel_posix.cc, line 358
1564497271344	Marionette	INFO	Stopped listening on port 34399
1564497275477	Marionette	INFO	Stopped listening on port 39445
1564497334155	mozrunner::runner	INFO	Running command: "/usr/bin/firefox" "-marionette" "--disable-gpu" "-foreground" "-no-remote" "-profile" "/tmp/rust_mozprofile.hZbf67KHTHLh"
1564497335420	addons.webextension.screenshots@mozilla.org	WARN	Loading extension 'screenshots@mozilla.org': Reading manifest: Invalid extension permission: mozillaAddons
1564497335420	addons.webextension.screenshots@mozilla.org	WARN	Loading extension 'screenshots@mozilla.org': Reading manifest: Invalid extension permission: telemetry
1564497335421	addons.webextension.screenshots@mozilla.org	WARN	Loading extension 'screenshots@mozilla.org': Reading manifest: Invalid extension permission: resource://pdf.js/
1564497335421	addons.webextension.screenshots@mozilla.org	WARN	Loading extension 'screenshots@mozilla.org': Reading manifest: Invalid extension permission: about:reader*
1564497339751	Marionette	INFO	Listening on port 46843
1564497339785	Marionette	WARN	TLS certificate errors will be ignored for this session
1564497354370	Marionette	INFO	Stopped listening on port 46843
1564497441879	mozrunner::runner	INFO	Running command: "/usr/bin/firefox" "-marionette" "--disable-gpu" "-foreground" "-no-remote" "-profile" "/tmp/rust_mozprofile.9lSOUNP4gpQH"
1564497442842	addons.webextension.screenshots@mozilla.org	WARN	Loading extension 'screenshots@mozilla.org': Reading manifest: Invalid extension permission: mozillaAddons
1564497442842	addons.webextension.screenshots@mozilla.org	WARN	Loading extension 'screenshots@mozilla.org': Reading manifest: Invalid extension permission: telemetry
1564497442843	addons.webextension.screenshots@mozilla.org	WARN	Loading extension 'screenshots@mozilla.org': Reading manifest: Invalid extension permission: resource://pdf.js/
1564497442843	addons.webextension.screenshots@mozilla.org	WARN	Loading extension 'screenshots@mozilla.org': Reading manifest: Invalid extension permission: about:reader*
1564497446865	Marionette	INFO	Listening on port 43641
1564497446909	Marionette	WARN	TLS certificate errors will be ignored for this session
1564497890329	Marionette	INFO	Stopped listening on port 43641
1564497892811	mozrunner::runner	INFO	Running command: "/usr/bin/firefox" "-marionette" "--disable-gpu" "-foreground" "-no-remote" "-profile" "/tmp/rust_mozprofile.IQGwv6bU8gOs"
1564497893860	addons.webextension.screenshots@mozilla.org	WARN	Loading extension 'screenshots@mozilla.org': Reading manifest: Invalid extension permission: mozillaAddons
1564497893861	addons.webextension.screenshots@mozilla.org	WARN	Loading extension 'screenshots@mozilla.org': Reading manifest: Invalid extension permission: telemetry
1564497893861	addons.webextension.screenshots@mozilla.org	WARN	Loading extension 'screenshots@mozilla.org': Reading manifest: Invalid extension permission: resource://pdf.js/
1564497893862	addons.webextension.screenshots@mozilla.org	WARN	Loading extension 'screenshots@mozilla.org': Reading manifest: Invalid extension permission: about:reader*
1564497898034	Marionette	INFO	Listening on port 46019
1564497898059	Marionette	WARN	TLS certificate errors will be ignored for this session
1564497944289	Marionette	INFO	Stopped listening on port 46019
1564498060667	mozrunner::runner	INFO	Running command: "/usr/bin/firefox" "-marionette" "--disable-gpu" "-foreground" "-no-remote" "-profile" "/tmp/rust_mozprofile.sFy3eBYWAeoZ"
1564498062189	addons.webextension.screenshots@mozilla.org	WARN	Loading extension 'screenshots@mozilla.org': Reading manifest: Invalid extension permission: mozillaAddons
1564498062189	addons.webextension.screenshots@mozilla.org	WARN	Loading extension 'screenshots@mozilla.org': Reading manifest: Invalid extension permission: telemetry
1564498062190	addons.webextension.screenshots@mozilla.org	WARN	Loading extension 'screenshots@mozilla.org': Reading manifest: Invalid extension permission: resource://pdf.js/
1564498062190	addons.webextension.screenshots@mozilla.org	WARN	Loading extension 'screenshots@mozilla.org': Reading manifest: Invalid extension permission: about:reader*
1564498066523	Marionette	INFO	Listening on port 46421
1564498066592	Marionette	WARN	TLS certificate errors will be ignored for this session
console.warn: LoginRecipes: "getRecipes: falling back to a synchronous message for:" "https://accounts.douban.com"
console.warn: nsLoginManager: "searchLogins: `formSubmitURL` or `httpRealm` is recommended"
1564498100572	Marionette	INFO	Stopped listening on port 46421
1564498256406	mozrunner::runner	INFO	Running command: "/usr/bin/firefox" "-marionette" "--disable-gpu" "-foreground" "-no-remote" "-profile" "/tmp/rust_mozprofile.9kC5e9vB4MGm"
1564498257388	addons.webextension.screenshots@mozilla.org	WARN	Loading extension 'screenshots@mozilla.org': Reading manifest: Invalid extension permission: mozillaAddons
1564498257388	addons.webextension.screenshots@mozilla.org	WARN	Loading extension 'screenshots@mozilla.org': Reading manifest: Invalid extension permission: telemetry
1564498257389	addons.webextension.screenshots@mozilla.org	WARN	Loading extension 'screenshots@mozilla.org': Reading manifest: Invalid extension permission: resource://pdf.js/
1564498257389	addons.webextension.screenshots@mozilla.org	WARN	Loading extension 'screenshots@mozilla.org': Reading manifest: Invalid extension permission: about:reader*
1564498261022	Marionette	INFO	Listening on port 37539
1564498261054	Marionette	WARN	TLS certificate errors will be ignored for this session
console.error: BroadcastService: 
  receivedBroadcastMessage: handler for
  remote-settings/monitor_changes
  threw error:
  Message: Error: Polling for changes failed: http://%(server)s/dummy/blocklist//buckets/monitor/collections/changes/records?_expected=%221564443745562%22 is not a valid URL..
  Stack:
    remoteSettingsFunction/remoteSettings.pollChanges@resource://services-settings/remote-settings.js:201:13


(/usr/lib/firefox/firefox:32637): dconf-WARNING **: 22:51:28.783: Unable to open /var/lib/snapd/desktop/dconf/profile/user: 权限不够
1564500160060	Marionette	INFO	Stopped listening on port 37539
1564579494954	mozrunner::runner	INFO	Running command: "/usr/bin/firefox" "-marionette" "--disable-gpu" "-foreground" "-no-remote" "-profile" "/tmp/rust_mozprofile.rv7qCsUorFYZ"
1564579497309	addons.webextension.screenshots@mozilla.org	WARN	Loading extension 'screenshots@mozilla.org': Reading manifest: Invalid extension permission: mozillaAddons
1564579497310	addons.webextension.screenshots@mozilla.org	WARN	Loading extension 'screenshots@mozilla.org': Reading manifest: Invalid extension permission: telemetry
1564579497310	addons.webextension.screenshots@mozilla.org	WARN	Loading extension 'screenshots@mozilla.org': Reading manifest: Invalid extension permission: resource://pdf.js/
1564579497310	addons.webextension.screenshots@mozilla.org	WARN	Loading extension 'screenshots@mozilla.org': Reading manifest: Invalid extension permission: about:reader*
1564579501644	Marionette	INFO	Listening on port 43551
1564579501685	Marionette	WARN	TLS certificate errors will be ignored for this session
1564579553665	mozrunner::runner	INFO	Running command: "/usr/bin/firefox" "-marionette" "--disable-gpu" "-foreground" "-no-remote" "-profile" "/tmp/rust_mozprofile.lNALUehIxXkf"
1564579554586	addons.webextension.screenshots@mozilla.org	WARN	Loading extension 'screenshots@mozilla.org': Reading manifest: Invalid extension permission: mozillaAddons
1564579554586	addons.webextension.screenshots@mozilla.org	WARN	Loading extension 'screenshots@mozilla.org': Reading manifest: Invalid extension permission: telemetry
1564579554587	addons.webextension.screenshots@mozilla.org	WARN	Loading extension 'screenshots@mozilla.org': Reading manifest: Invalid extension permission: resource://pdf.js/
1564579554587	addons.webextension.screenshots@mozilla.org	WARN	Loading extension 'screenshots@mozilla.org': Reading manifest: Invalid extension permission: about:reader*
1564579558733	Marionette	INFO	Listening on port 45809
1564579558861	Marionette	WARN	TLS certificate errors will be ignored for this session
1564579560900	Marionette	INFO	Stopped listening on port 43551

(/usr/lib/firefox/firefox:16912): dconf-WARNING **: 21:26:08.093: Unable to open /var/lib/snapd/desktop/dconf/profile/user: 权限不够
IPDL protocol error: Handler returned error code!

###!!! [Parent][DispatchAsyncMessage] Error: PLayerTransaction::Msg_ReleaseLayer Processing error: message was deserialized, but the handler returned false (indicating failure)

IPDL protocol error: Handler returned error code!

###!!! [Parent][DispatchAsyncMessage] Error: PLayerTransaction::Msg_ReleaseLayer Processing error: message was deserialized, but the handler returned false (indicating failure)

IPDL protocol error: Handler returned error code!

###!!! [Parent][DispatchAsyncMessage] Error: PLayerTransaction::Msg_ReleaseLayer Processing error: message was deserialized, but the handler returned false (indicating failure)

IPDL protocol error: Handler returned error code!

###!!! [Parent][DispatchAsyncMessage] Error: PLayerTransaction::Msg_ReleaseLayer Processing error: message was deserialized, but the handler returned false (indicating failure)

IPDL protocol error: Handler returned error code!

###!!! [Parent][DispatchAsyncMessage] Error: PLayerTransaction::Msg_ReleaseLayer Processing error: message was deserialized, but the handler returned false (indicating failure)

console.warn: "Error while detaching the thread front: 'detach' request packet to 'server1.conn0.child1/context18' can't be sent as the connection is closed."
1564579676502	Marionette	INFO	Stopped listening on port 45809
1564579677622	mozrunner::runner	INFO	Running command: "/usr/bin/firefox" "-marionette" "--disable-gpu" "-foreground" "-no-remote" "-profile" "/tmp/rust_mozprofile.1g06CQ8bKAgR"
1564579678721	addons.webextension.screenshots@mozilla.org	WARN	Loading extension 'screenshots@mozilla.org': Reading manifest: Invalid extension permission: mozillaAddons
1564579678721	addons.webextension.screenshots@mozilla.org	WARN	Loading extension 'screenshots@mozilla.org': Reading manifest: Invalid extension permission: telemetry
1564579678721	addons.webextension.screenshots@mozilla.org	WARN	Loading extension 'screenshots@mozilla.org': Reading manifest: Invalid extension permission: resource://pdf.js/
1564579678722	addons.webextension.screenshots@mozilla.org	WARN	Loading extension 'screenshots@mozilla.org': Reading manifest: Invalid extension permission: about:reader*
1564579682443	Marionette	INFO	Listening on port 43101
1564579682545	Marionette	WARN	TLS certificate errors will be ignored for this session

(/usr/lib/firefox/firefox:17173): dconf-WARNING **: 21:28:10.321: Unable to open /var/lib/snapd/desktop/dconf/profile/user: 权限不够
1564579798242	mozrunner::runner	INFO	Running command: "/usr/bin/firefox" "-marionette" "--disable-gpu" "-foreground" "-no-remote" "-profile" "/tmp/rust_mozprofile.sF4eERAUWksZ"
1564579799401	addons.webextension.screenshots@mozilla.org	WARN	Loading extension 'screenshots@mozilla.org': Reading manifest: Invalid extension permission: mozillaAddons
1564579799401	addons.webextension.screenshots@mozilla.org	WARN	Loading extension 'screenshots@mozilla.org': Reading manifest: Invalid extension permission: telemetry
1564579799402	addons.webextension.screenshots@mozilla.org	WARN	Loading extension 'screenshots@mozilla.org': Reading manifest: Invalid extension permission: resource://pdf.js/
1564579799402	addons.webextension.screenshots@mozilla.org	WARN	Loading extension 'screenshots@mozilla.org': Reading manifest: Invalid extension permission: about:reader*
1564579804593	Marionette	INFO	Listening on port 37877
1564579804668	Marionette	WARN	TLS certificate errors will be ignored for this session

(/usr/lib/firefox/firefox:17441): dconf-WARNING **: 21:30:14.164: Unable to open /var/lib/snapd/desktop/dconf/profile/user: 权限不够
console.error: BroadcastService: 
  receivedBroadcastMessage: handler for
  remote-settings/monitor_changes
  threw error:
  Message: Error: Polling for changes failed: http://%(server)s/dummy/blocklist//buckets/monitor/collections/changes/records?_expected=%221564532590680%22 is not a valid URL..
  Stack:
    remoteSettingsFunction/remoteSettings.pollChanges@resource://services-settings/remote-settings.js:201:13

console.error: BroadcastService: 
  receivedBroadcastMessage: handler for
  remote-settings/monitor_changes
  threw error:
  Message: Error: Polling for changes failed: http://%(server)s/dummy/blocklist//buckets/monitor/collections/changes/records?_expected=%221564532590680%22 is not a valid URL..
  Stack:
    remoteSettingsFunction/remoteSettings.pollChanges@resource://services-settings/remote-settings.js:201:13

1564580198535	mozrunner::runner	INFO	Running command: "/usr/bin/firefox" "-marionette" "--disable-gpu" "-foreground" "-no-remote" "-profile" "/tmp/rust_mozprofile.slEBc7Dg7Mxo"
1564580200350	addons.webextension.screenshots@mozilla.org	WARN	Loading extension 'screenshots@mozilla.org': Reading manifest: Invalid extension permission: mozillaAddons
1564580200350	addons.webextension.screenshots@mozilla.org	WARN	Loading extension 'screenshots@mozilla.org': Reading manifest: Invalid extension permission: telemetry
1564580200350	addons.webextension.screenshots@mozilla.org	WARN	Loading extension 'screenshots@mozilla.org': Reading manifest: Invalid extension permission: resource://pdf.js/
1564580200351	addons.webextension.screenshots@mozilla.org	WARN	Loading extension 'screenshots@mozilla.org': Reading manifest: Invalid extension permission: about:reader*
1564580204890	Marionette	INFO	Listening on port 37259
1564580204968	Marionette	WARN	TLS certificate errors will be ignored for this session

(/usr/lib/firefox/firefox:17945): dconf-WARNING **: 21:36:57.543: Unable to open /var/lib/snapd/desktop/dconf/profile/user: 权限不够
console.error: BroadcastService: 
  receivedBroadcastMessage: handler for
  remote-settings/monitor_changes
  threw error:
  Message: Error: Polling for changes failed: http://%(server)s/dummy/blocklist//buckets/monitor/collections/changes/records?_expected=%221564532590680%22 is not a valid URL..
  Stack:
    remoteSettingsFunction/remoteSettings.pollChanges@resource://services-settings/remote-settings.js:201:13

1564580273920	mozrunner::runner	INFO	Running command: "/usr/bin/firefox" "-marionette" "--disable-gpu" "-foreground" "-no-remote" "-profile" "/tmp/rust_mozprofile.8D8COF3uPQva"
1564580275427	addons.webextension.screenshots@mozilla.org	WARN	Loading extension 'screenshots@mozilla.org': Reading manifest: Invalid extension permission: mozillaAddons
1564580275427	addons.webextension.screenshots@mozilla.org	WARN	Loading extension 'screenshots@mozilla.org': Reading manifest: Invalid extension permission: telemetry
1564580275427	addons.webextension.screenshots@mozilla.org	WARN	Loading extension 'screenshots@mozilla.org': Reading manifest: Invalid extension permission: resource://pdf.js/
1564580275428	addons.webextension.screenshots@mozilla.org	WARN	Loading extension 'screenshots@mozilla.org': Reading manifest: Invalid extension permission: about:reader*
1564580280377	Marionette	INFO	Listening on port 43583
1564580280469	Marionette	WARN	TLS certificate errors will be ignored for this session
1564580293419	mozrunner::runner	INFO	Running command: "/usr/bin/firefox" "-marionette" "--disable-gpu" "-foreground" "-no-remote" "-profile" "/tmp/rust_mozprofile.ZoQm6UAel2NQ"
1564580295756	addons.webextension.screenshots@mozilla.org	WARN	Loading extension 'screenshots@mozilla.org': Reading manifest: Invalid extension permission: mozillaAddons
1564580295756	addons.webextension.screenshots@mozilla.org	WARN	Loading extension 'screenshots@mozilla.org': Reading manifest: Invalid extension permission: telemetry
1564580295757	addons.webextension.screenshots@mozilla.org	WARN	Loading extension 'screenshots@mozilla.org': Reading manifest: Invalid extension permission: resource://pdf.js/
1564580295757	addons.webextension.screenshots@mozilla.org	WARN	Loading extension 'screenshots@mozilla.org': Reading manifest: Invalid extension permission: about:reader*
1564580302261	Marionette	INFO	Listening on port 40997
1564580302386	Marionette	WARN	TLS certificate errors will be ignored for this session

(/usr/lib/firefox/firefox:18157): dconf-WARNING **: 21:38:30.059: Unable to open /var/lib/snapd/desktop/dconf/profile/user: 权限不够

(/usr/lib/firefox/firefox:18368): dconf-WARNING **: 21:38:36.613: Unable to open /var/lib/snapd/desktop/dconf/profile/user: 权限不够
console.error: BroadcastService: 
console.error: BroadcastService: 
  receivedBroadcastMessage: handler for
  receivedBroadcastMessage: handler for
  remote-settings/monitor_changes
  remote-settings/monitor_changes
  threw error:
  threw error:
  Message: Error: Polling for changes failed: http://%(server)s/dummy/blocklist//buckets/monitor/collections/changes/records?_expected=%221564532590680%22 is not a valid URL..
  Stack:
    remoteSettingsFunction/remoteSettings.pollChanges@resource://services-settings/remote-settings.js:201:13

  Message: Error: Polling for changes failed: http://%(server)s/dummy/blocklist//buckets/monitor/collections/changes/records?_expected=%221564532590680%22 is not a valid URL..
  Stack:
    remoteSettingsFunction/remoteSettings.pollChanges@resource://services-settings/remote-settings.js:201:13

1564581182753	mozrunner::runner	INFO	Running command: "/usr/bin/firefox" "-marionette" "--disable-gpu" "-foreground" "-no-remote" "-profile" "/tmp/rust_mozprofile.dsKhOGVGCxfl"
1564581186076	addons.webextension.screenshots@mozilla.org	WARN	Loading extension 'screenshots@mozilla.org': Reading manifest: Invalid extension permission: mozillaAddons
1564581186083	addons.webextension.screenshots@mozilla.org	WARN	Loading extension 'screenshots@mozilla.org': Reading manifest: Invalid extension permission: telemetry
1564581186086	addons.webextension.screenshots@mozilla.org	WARN	Loading extension 'screenshots@mozilla.org': Reading manifest: Invalid extension permission: resource://pdf.js/
1564581186089	addons.webextension.screenshots@mozilla.org	WARN	Loading extension 'screenshots@mozilla.org': Reading manifest: Invalid extension permission: about:reader*
[Child 18886, Chrome_ChildThread] WARNING: pipe error: 断开的管道: file /build/firefox-tGfEvD/firefox-68.0.1+build1/ipc/chromium/src/chrome/common/ipc_channel_posix.cc, line 727
[Child 18886, Chrome_ChildThread] WARNING: pipe error: 断开的管道: file /build/firefox-tGfEvD/firefox-68.0.1+build1/ipc/chromium/src/chrome/common/ipc_channel_posix.cc, line 727
[Child 18886, Chrome_ChildThread] WARNING: pipe error: 断开的管道: file /build/firefox-tGfEvD/firefox-68.0.1+build1/ipc/chromium/src/chrome/common/ipc_channel_posix.cc, line 727
[Child 18886, Chrome_ChildThread] WARNING: pipe error: 断开的管道: file /build/firefox-tGfEvD/firefox-68.0.1+build1/ipc/chromium/src/chrome/common/ipc_channel_posix.cc, line 727
[Child 18886, Chrome_ChildThread] WARNING: pipe error: 断开的管道: file /build/firefox-tGfEvD/firefox-68.0.1+build1/ipc/chromium/src/chrome/common/ipc_channel_posix.cc, line 727
[Child 18886, Chrome_ChildThread] WARNING: FileDescriptorSet destroyed with unconsumed descriptors: file /build/firefox-tGfEvD/firefox-68.0.1+build1/ipc/chromium/src/chrome/common/file_descriptor_set_posix.cc, line 23
[Child 18886, Chrome_ChildThread] WARNING: FileDescriptorSet destroyed with unconsumed descriptors: file /build/firefox-tGfEvD/firefox-68.0.1+build1/ipc/chromium/src/chrome/common/file_descriptor_set_posix.cc, line 23
Exiting due to channel error.
1564581293593	Marionette	INFO	Stopped listening on port 37259

###!!! [Parent][RunMessage] Error: Channel closing: too late to send/recv, messages will be lost

1564581293681	Marionette	INFO	Stopped listening on port 40997
1564581293691	Marionette	INFO	Stopped listening on port 43101
1564581293762	Marionette	INFO	Stopped listening on port 37877
1564581294719	Marionette	INFO	Stopped listening on port 43583
1564581300225	mozrunner::runner	INFO	Running command: "/usr/bin/firefox" "-marionette" "--disable-gpu" "-foreground" "-no-remote" "-profile" "/tmp/rust_mozprofile.TqF8h2TfqDGE"
1564581301898	addons.webextension.screenshots@mozilla.org	WARN	Loading extension 'screenshots@mozilla.org': Reading manifest: Invalid extension permission: mozillaAddons
1564581301898	addons.webextension.screenshots@mozilla.org	WARN	Loading extension 'screenshots@mozilla.org': Reading manifest: Invalid extension permission: telemetry
1564581301899	addons.webextension.screenshots@mozilla.org	WARN	Loading extension 'screenshots@mozilla.org': Reading manifest: Invalid extension permission: resource://pdf.js/
1564581301899	addons.webextension.screenshots@mozilla.org	WARN	Loading extension 'screenshots@mozilla.org': Reading manifest: Invalid extension permission: about:reader*
1564581305937	Marionette	INFO	Listening on port 38941
1564581305960	Marionette	WARN	TLS certificate errors will be ignored for this session

(/usr/lib/firefox/firefox:19015): dconf-WARNING **: 21:55:17.166: Unable to open /var/lib/snapd/desktop/dconf/profile/user: 权限不够
1564581321286	Marionette	WARN	TimedPromise timed out after 0 ms: stacktrace:
bail@chrome://marionette/content/sync.js:223:64
1564581321568	Marionette	WARN	TimedPromise timed out after 0 ms: stacktrace:
bail@chrome://marionette/content/sync.js:223:64
console.error: BroadcastService: 
  receivedBroadcastMessage: handler for
  remote-settings/monitor_changes
  threw error:
  Message: Error: Polling for changes failed: http://%(server)s/dummy/blocklist//buckets/monitor/collections/changes/records?_expected=%221564532590680%22 is not a valid URL..
  Stack:
    remoteSettingsFunction/remoteSettings.pollChanges@resource://services-settings/remote-settings.js:201:13

[Parent 18929, Gecko_IOThread] WARNING: pipe error (94): 连接被对方重设: file /build/firefox-tGfEvD/firefox-68.0.1+build1/ipc/chromium/src/chrome/common/ipc_channel_posix.cc, line 358
1564585373758	Marionette	INFO	Stopped listening on port 38941
1572533048539	mozrunner::runner	INFO	Running command: "/usr/bin/firefox" "-marionette" "--disable-gpu" "-foreground" "-no-remote" "-profile" "/tmp/rust_mozprofileo8AZKQ"
1572533049546	addons.webextension.screenshots@mozilla.org	WARN	Loading extension 'screenshots@mozilla.org': Reading manifest: Invalid extension permission: mozillaAddons
1572533049546	addons.webextension.screenshots@mozilla.org	WARN	Loading extension 'screenshots@mozilla.org': Reading manifest: Invalid extension permission: telemetry
1572533049546	addons.webextension.screenshots@mozilla.org	WARN	Loading extension 'screenshots@mozilla.org': Reading manifest: Invalid extension permission: resource://pdf.js/
1572533049546	addons.webextension.screenshots@mozilla.org	WARN	Loading extension 'screenshots@mozilla.org': Reading manifest: Invalid extension permission: about:reader*
1572533052412	Marionette	INFO	Listening on port 39651
1572533052464	Marionette	WARN	TLS certificate errors will be ignored for this session

(/usr/lib/firefox/firefox:14140): dconf-WARNING **: 22:44:30.338: Unable to open /var/lib/snapd/desktop/dconf/profile/user: 权限不够
1572533076972	Marionette	INFO	Stopped listening on port 39651
1572533324234	mozrunner::runner	INFO	Running command: "/usr/bin/firefox" "-marionette" "--disable-gpu" "-foreground" "-no-remote" "-profile" "/tmp/rust_mozprofileQPVD3w"
1572533324915	addons.webextension.screenshots@mozilla.org	WARN	Loading extension 'screenshots@mozilla.org': Reading manifest: Invalid extension permission: mozillaAddons
1572533324915	addons.webextension.screenshots@mozilla.org	WARN	Loading extension 'screenshots@mozilla.org': Reading manifest: Invalid extension permission: telemetry
1572533324916	addons.webextension.screenshots@mozilla.org	WARN	Loading extension 'screenshots@mozilla.org': Reading manifest: Invalid extension permission: resource://pdf.js/
1572533324916	addons.webextension.screenshots@mozilla.org	WARN	Loading extension 'screenshots@mozilla.org': Reading manifest: Invalid extension permission: about:reader*
1572533326638	Marionette	INFO	Listening on port 38087
1572533326647	Marionette	WARN	TLS certificate errors will be ignored for this session

(/usr/lib/firefox/firefox:14759): dconf-WARNING **: 22:48:53.530: Unable to open /var/lib/snapd/desktop/dconf/profile/user: 权限不够
Exiting due to channel error.
Exiting due to channel error.
Exiting due to channel error.
1572533600853	mozrunner::runner	INFO	Running command: "/usr/bin/firefox" "-marionette" "--disable-gpu" "-foreground" "-no-remote" "-profile" "/tmp/rust_mozprofiletmvvM2"
1572533601365	addons.webextension.screenshots@mozilla.org	WARN	Loading extension 'screenshots@mozilla.org': Reading manifest: Invalid extension permission: mozillaAddons
1572533601365	addons.webextension.screenshots@mozilla.org	WARN	Loading extension 'screenshots@mozilla.org': Reading manifest: Invalid extension permission: telemetry
1572533601366	addons.webextension.screenshots@mozilla.org	WARN	Loading extension 'screenshots@mozilla.org': Reading manifest: Invalid extension permission: resource://pdf.js/
1572533601366	addons.webextension.screenshots@mozilla.org	WARN	Loading extension 'screenshots@mozilla.org': Reading manifest: Invalid extension permission: about:reader*
1572533602964	Marionette	INFO	Listening on port 38847
1572533603103	Marionette	WARN	TLS certificate errors will be ignored for this session

(/usr/lib/firefox/firefox:15461): dconf-WARNING **: 22:53:45.125: Unable to open /var/lib/snapd/desktop/dconf/profile/user: 权限不够
Exiting due to channel error.
Exiting due to channel error.
Exiting due to channel error.
1572533668808	mozrunner::runner	INFO	Running command: "/usr/bin/firefox" "-marionette" "--disable-gpu" "-foreground" "-no-remote" "-profile" "/tmp/rust_mozprofileHkKI8j"
1572533669245	addons.webextension.screenshots@mozilla.org	WARN	Loading extension 'screenshots@mozilla.org': Reading manifest: Invalid extension permission: mozillaAddons
1572533669245	addons.webextension.screenshots@mozilla.org	WARN	Loading extension 'screenshots@mozilla.org': Reading manifest: Invalid extension permission: telemetry
1572533669245	addons.webextension.screenshots@mozilla.org	WARN	Loading extension 'screenshots@mozilla.org': Reading manifest: Invalid extension permission: resource://pdf.js/
1572533669245	addons.webextension.screenshots@mozilla.org	WARN	Loading extension 'screenshots@mozilla.org': Reading manifest: Invalid extension permission: about:reader*
1572533670768	Marionette	INFO	Listening on port 32903
1572533670821	Marionette	WARN	TLS certificate errors will be ignored for this session

(/usr/lib/firefox/firefox:15757): dconf-WARNING **: 22:54:37.519: Unable to open /var/lib/snapd/desktop/dconf/profile/user: 权限不够
1572534610397	mozrunner::runner	INFO	Running command: "/usr/bin/firefox" "-marionette" "--disable-gpu" "-foreground" "-no-remote" "-profile" "/tmp/rust_mozprofilexNZfuu"
1572534610856	addons.webextension.screenshots@mozilla.org	WARN	Loading extension 'screenshots@mozilla.org': Reading manifest: Invalid extension permission: mozillaAddons
1572534610856	addons.webextension.screenshots@mozilla.org	WARN	Loading extension 'screenshots@mozilla.org': Reading manifest: Invalid extension permission: telemetry
1572534610856	addons.webextension.screenshots@mozilla.org	WARN	Loading extension 'screenshots@mozilla.org': Reading manifest: Invalid extension permission: resource://pdf.js/
1572534610856	addons.webextension.screenshots@mozilla.org	WARN	Loading extension 'screenshots@mozilla.org': Reading manifest: Invalid extension permission: about:reader*
1572534612614	Marionette	INFO	Listening on port 42345
1572534612706	Marionette	WARN	TLS certificate errors will be ignored for this session

(/usr/lib/firefox/firefox:16773): dconf-WARNING **: 23:10:39.364: Unable to open /var/lib/snapd/desktop/dconf/profile/user: 权限不够
[Parent 15658, Gecko_IOThread] WARNING: pipe error (73): 连接被对方重设: file /build/firefox-gS7uvX/firefox-69.0+build2/ipc/chromium/src/chrome/common/ipc_channel_posix.cc, line 358
[Parent 15658, Gecko_IOThread] WARNING: pipe error (82): 连接被对方重设: file /build/firefox-gS7uvX/firefox-69.0+build2/ipc/chromium/src/chrome/common/ipc_channel_posix.cc, line 358
1572537664486	Marionette	INFO	Stopped listening on port 32903
1572537664507	Marionette	INFO	Stopped listening on port 42345
1572537667632	mozrunner::runner	INFO	Running command: "/usr/bin/firefox" "-marionette" "--disable-gpu" "-foreground" "-no-remote" "-profile" "/tmp/rust_mozprofileJqrXdZ"
1572537668382	addons.webextension.screenshots@mozilla.org	WARN	Loading extension 'screenshots@mozilla.org': Reading manifest: Invalid extension permission: mozillaAddons
1572537668383	addons.webextension.screenshots@mozilla.org	WARN	Loading extension 'screenshots@mozilla.org': Reading manifest: Invalid extension permission: telemetry
1572537668383	addons.webextension.screenshots@mozilla.org	WARN	Loading extension 'screenshots@mozilla.org': Reading manifest: Invalid extension permission: resource://pdf.js/
1572537668383	addons.webextension.screenshots@mozilla.org	WARN	Loading extension 'screenshots@mozilla.org': Reading manifest: Invalid extension permission: about:reader*
1572537670284	Marionette	INFO	Listening on port 43215
1572537670347	Marionette	WARN	TLS certificate errors will be ignored for this session

(/usr/lib/firefox/firefox:19575): dconf-WARNING **: 00:01:16.358: Unable to open /var/lib/snapd/desktop/dconf/profile/user: 权限不够
[Parent 19473, Gecko_IOThread] WARNING: pipe error (88): 连接被对方重设: file /build/firefox-gS7uvX/firefox-69.0+build2/ipc/chromium/src/chrome/common/ipc_channel_posix.cc, line 358
[Parent 19473, Gecko_IOThread] WARNING: pipe error (82): 连接被对方重设: file /build/firefox-gS7uvX/firefox-69.0+build2/ipc/chromium/src/chrome/common/ipc_channel_posix.cc, line 358
1572537789325	Marionette	INFO	Stopped listening on port 43215
1572537792239	mozrunner::runner	INFO	Running command: "/usr/bin/firefox" "-marionette" "--disable-gpu" "-foreground" "-no-remote" "-profile" "/tmp/rust_mozprofileomACl6"
1572537792790	addons.webextension.screenshots@mozilla.org	WARN	Loading extension 'screenshots@mozilla.org': Reading manifest: Invalid extension permission: mozillaAddons
1572537792790	addons.webextension.screenshots@mozilla.org	WARN	Loading extension 'screenshots@mozilla.org': Reading manifest: Invalid extension permission: telemetry
1572537792790	addons.webextension.screenshots@mozilla.org	WARN	Loading extension 'screenshots@mozilla.org': Reading manifest: Invalid extension permission: resource://pdf.js/
1572537792790	addons.webextension.screenshots@mozilla.org	WARN	Loading extension 'screenshots@mozilla.org': Reading manifest: Invalid extension permission: about:reader*
1572537794544	Marionette	INFO	Listening on port 34827
1572537794553	Marionette	WARN	TLS certificate errors will be ignored for this session
JavaScript error: https://img3.doubanio.com/f/sns/b5793c2d7c298173d57ecf7d96708b5615336def/js/sns/fp/base.js, line 1: NS_ERROR_NOT_INITIALIZED: 
1572537800230	Marionette	INFO	Stopped listening on port 34827
1572537804581	mozrunner::runner	INFO	Running command: "/usr/bin/firefox" "-marionette" "--disable-gpu" "-foreground" "-no-remote" "-profile" "/tmp/rust_mozprofile7k9lND"
1572537805061	addons.webextension.screenshots@mozilla.org	WARN	Loading extension 'screenshots@mozilla.org': Reading manifest: Invalid extension permission: mozillaAddons
1572537805062	addons.webextension.screenshots@mozilla.org	WARN	Loading extension 'screenshots@mozilla.org': Reading manifest: Invalid extension permission: telemetry
1572537805062	addons.webextension.screenshots@mozilla.org	WARN	Loading extension 'screenshots@mozilla.org': Reading manifest: Invalid extension permission: resource://pdf.js/
1572537805062	addons.webextension.screenshots@mozilla.org	WARN	Loading extension 'screenshots@mozilla.org': Reading manifest: Invalid extension permission: about:reader*
1572537806644	Marionette	INFO	Listening on port 34161
1572537806702	Marionette	WARN	TLS certificate errors will be ignored for this session

(/usr/lib/firefox/firefox:20310): dconf-WARNING **: 00:03:35.894: Unable to open /var/lib/snapd/desktop/dconf/profile/user: 权限不够
1572537889529	mozrunner::runner	INFO	Running command: "/usr/bin/firefox" "-marionette" "--disable-gpu" "-foreground" "-no-remote" "-profile" "/tmp/rust_mozprofileq5cVg9"
1572537890005	addons.webextension.screenshots@mozilla.org	WARN	Loading extension 'screenshots@mozilla.org': Reading manifest: Invalid extension permission: mozillaAddons
1572537890006	addons.webextension.screenshots@mozilla.org	WARN	Loading extension 'screenshots@mozilla.org': Reading manifest: Invalid extension permission: telemetry
1572537890006	addons.webextension.screenshots@mozilla.org	WARN	Loading extension 'screenshots@mozilla.org': Reading manifest: Invalid extension permission: resource://pdf.js/
1572537890006	addons.webextension.screenshots@mozilla.org	WARN	Loading extension 'screenshots@mozilla.org': Reading manifest: Invalid extension permission: about:reader*
1572537891725	Marionette	INFO	Listening on port 39715
1572537891774	Marionette	WARN	TLS certificate errors will be ignored for this session

(/usr/lib/firefox/firefox:20637): dconf-WARNING **: 00:05:01.387: Unable to open /var/lib/snapd/desktop/dconf/profile/user: 权限不够
[Parent 20212, Gecko_IOThread] WARNING: pipe error (82): 连接被对方重设: file /build/firefox-gS7uvX/firefox-69.0+build2/ipc/chromium/src/chrome/common/ipc_channel_posix.cc, line 358
[Parent 20212, Gecko_IOThread] WARNING: pipe error (83): 连接被对方重设: file /build/firefox-gS7uvX/firefox-69.0+build2/ipc/chromium/src/chrome/common/ipc_channel_posix.cc, line 358
IPDL protocol error: Handler returned error code!

###!!! [Parent][DispatchAsyncMessage] Error: PLayerTransaction::Msg_ReleaseLayer Processing error: message was deserialized, but the handler returned false (indicating failure)

IPDL protocol error: Handler returned error code!

###!!! [Parent][DispatchAsyncMessage] Error: PLayerTransaction::Msg_ReleaseLayer Processing error: message was deserialized, but the handler returned false (indicating failure)

IPDL protocol error: Handler returned error code!

###!!! [Parent][DispatchAsyncMessage] Error: PLayerTransaction::Msg_ReleaseLayer Processing error: message was deserialized, but the handler returned false (indicating failure)

IPDL protocol error: Handler returned error code!

###!!! [Parent][DispatchAsyncMessage] Error: PLayerTransaction::Msg_ReleaseLayer Processing error: message was deserialized, but the handler returned false (indicating failure)

IPDL protocol error: Handler returned error code!

###!!! [Parent][DispatchAsyncMessage] Error: PLayerTransaction::Msg_ReleaseLayer Processing error: message was deserialized, but the handler returned false (indicating failure)

[Parent 20538, Gecko_IOThread] WARNING: pipe error (82): 连接被对方重设: file /build/firefox-gS7uvX/firefox-69.0+build2/ipc/chromium/src/chrome/common/ipc_channel_posix.cc, line 358
1572538052499	Marionette	INFO	Stopped listening on port 34161
1572538052585	Marionette	INFO	Stopped listening on port 39715
1572538055032	mozrunner::runner	INFO	Running command: "/usr/bin/firefox" "-marionette" "--disable-gpu" "-foreground" "-no-remote" "-profile" "/tmp/rust_mozprofilerkBOLF"
1572538055543	addons.webextension.screenshots@mozilla.org	WARN	Loading extension 'screenshots@mozilla.org': Reading manifest: Invalid extension permission: mozillaAddons
1572538055543	addons.webextension.screenshots@mozilla.org	WARN	Loading extension 'screenshots@mozilla.org': Reading manifest: Invalid extension permission: telemetry
1572538055543	addons.webextension.screenshots@mozilla.org	WARN	Loading extension 'screenshots@mozilla.org': Reading manifest: Invalid extension permission: resource://pdf.js/
1572538055543	addons.webextension.screenshots@mozilla.org	WARN	Loading extension 'screenshots@mozilla.org': Reading manifest: Invalid extension permission: about:reader*
1572538057207	Marionette	INFO	Listening on port 39161
1572538057239	Marionette	WARN	TLS certificate errors will be ignored for this session

(/usr/lib/firefox/firefox:20974): dconf-WARNING **: 00:07:41.623: Unable to open /var/lib/snapd/desktop/dconf/profile/user: 权限不够
1572538257784	mozrunner::runner	INFO	Running command: "/usr/bin/firefox" "-marionette" "--disable-gpu" "-foreground" "-no-remote" "-profile" "/tmp/rust_mozprofilea6j5yI"
1572538258264	addons.webextension.screenshots@mozilla.org	WARN	Loading extension 'screenshots@mozilla.org': Reading manifest: Invalid extension permission: mozillaAddons
1572538258264	addons.webextension.screenshots@mozilla.org	WARN	Loading extension 'screenshots@mozilla.org': Reading manifest: Invalid extension permission: telemetry
1572538258264	addons.webextension.screenshots@mozilla.org	WARN	Loading extension 'screenshots@mozilla.org': Reading manifest: Invalid extension permission: resource://pdf.js/
1572538258264	addons.webextension.screenshots@mozilla.org	WARN	Loading extension 'screenshots@mozilla.org': Reading manifest: Invalid extension permission: about:reader*
1572538259926	Marionette	INFO	Listening on port 38833
1572538259992	Marionette	WARN	TLS certificate errors will be ignored for this session

(/usr/lib/firefox/firefox:21307): dconf-WARNING **: 00:11:04.957: Unable to open /var/lib/snapd/desktop/dconf/profile/user: 权限不够
[Parent 21208, Gecko_IOThread] WARNING: pipe error (82): 连接被对方重设: file /build/firefox-gS7uvX/firefox-69.0+build2/ipc/chromium/src/chrome/common/ipc_channel_posix.cc, line 358
[Parent 20873, Gecko_IOThread] WARNING: pipe error (82): 连接被对方重设: file /build/firefox-gS7uvX/firefox-69.0+build2/ipc/chromium/src/chrome/common/ipc_channel_posix.cc, line 358
[Parent 21208, Gecko_IOThread] WARNING: pipe error (83): 连接被对方重设: file /build/firefox-gS7uvX/firefox-69.0+build2/ipc/chromium/src/chrome/common/ipc_channel_posix.cc, line 358
[Parent 20873, Gecko_IOThread] WARNING: pipe error (83): 连接被对方重设: file /build/firefox-gS7uvX/firefox-69.0+build2/ipc/chromium/src/chrome/common/ipc_channel_posix.cc, line 358
1572538548273	Marionette	INFO	Stopped listening on port 38833
1572538548284	Marionette	INFO	Stopped listening on port 39161
1572538550630	mozrunner::runner	INFO	Running command: "/usr/bin/firefox" "-marionette" "--disable-gpu" "-foreground" "-no-remote" "-profile" "/tmp/rust_mozprofile4Q3CMw"
1572538551426	addons.webextension.screenshots@mozilla.org	WARN	Loading extension 'screenshots@mozilla.org': Reading manifest: Invalid extension permission: mozillaAddons
1572538551427	addons.webextension.screenshots@mozilla.org	WARN	Loading extension 'screenshots@mozilla.org': Reading manifest: Invalid extension permission: telemetry
1572538551427	addons.webextension.screenshots@mozilla.org	WARN	Loading extension 'screenshots@mozilla.org': Reading manifest: Invalid extension permission: resource://pdf.js/
1572538551427	addons.webextension.screenshots@mozilla.org	WARN	Loading extension 'screenshots@mozilla.org': Reading manifest: Invalid extension permission: about:reader*
1572538553158	Marionette	INFO	Listening on port 40701
1572538553258	Marionette	WARN	TLS certificate errors will be ignored for this session

(/usr/lib/firefox/firefox:21888): dconf-WARNING **: 00:15:58.646: Unable to open /var/lib/snapd/desktop/dconf/profile/user: 权限不够
1572538699566	mozrunner::runner	INFO	Running command: "/usr/bin/firefox" "-marionette" "--disable-gpu" "-foreground" "-no-remote" "-profile" "/tmp/rust_mozprofileHFJlKQ"
1572538700109	addons.webextension.screenshots@mozilla.org	WARN	Loading extension 'screenshots@mozilla.org': Reading manifest: Invalid extension permission: mozillaAddons
1572538700110	addons.webextension.screenshots@mozilla.org	WARN	Loading extension 'screenshots@mozilla.org': Reading manifest: Invalid extension permission: telemetry
1572538700110	addons.webextension.screenshots@mozilla.org	WARN	Loading extension 'screenshots@mozilla.org': Reading manifest: Invalid extension permission: resource://pdf.js/
1572538700110	addons.webextension.screenshots@mozilla.org	WARN	Loading extension 'screenshots@mozilla.org': Reading manifest: Invalid extension permission: about:reader*
1572538701898	Marionette	INFO	Listening on port 36981
1572538701973	Marionette	WARN	TLS certificate errors will be ignored for this session

(/usr/lib/firefox/firefox:22329): dconf-WARNING **: 00:18:27.139: Unable to open /var/lib/snapd/desktop/dconf/profile/user: 权限不够
1572539041631	mozrunner::runner	INFO	Running command: "/usr/bin/firefox" "-marionette" "--disable-gpu" "-foreground" "-no-remote" "-profile" "/tmp/rust_mozprofileY6Gzc1"
[Parent 21790, Gecko_IOThread] WARNING: pipe error (82): 连接被对方重设: file /build/firefox-gS7uvX/firefox-69.0+build2/ipc/chromium/src/chrome/common/ipc_channel_posix.cc, line 358
[Parent 22234, Gecko_IOThread] WARNING: pipe error (85): 连接被对方重设: file /build/firefox-gS7uvX/firefox-69.0+build2/ipc/chromium/src/chrome/common/ipc_channel_posix.cc, line 358
[Parent 22234, Gecko_IOThread] WARNING: pipe error (83): 连接被对方重设: file /build/firefox-gS7uvX/firefox-69.0+build2/ipc/chromium/src/chrome/common/ipc_channel_posix.cc, line 358
[Parent 21790, Gecko_IOThread] WARNING: pipe error (96): 连接被对方重设: file /build/firefox-gS7uvX/firefox-69.0+build2/ipc/chromium/src/chrome/common/ipc_channel_posix.cc, line 358
1572539042822	Marionette	INFO	Stopped listening on port 40701
1572539042823	Marionette	INFO	Stopped listening on port 36981
1572539042884	addons.webextension.screenshots@mozilla.org	WARN	Loading extension 'screenshots@mozilla.org': Reading manifest: Invalid extension permission: mozillaAddons
1572539042884	addons.webextension.screenshots@mozilla.org	WARN	Loading extension 'screenshots@mozilla.org': Reading manifest: Invalid extension permission: telemetry
1572539042884	addons.webextension.screenshots@mozilla.org	WARN	Loading extension 'screenshots@mozilla.org': Reading manifest: Invalid extension permission: resource://pdf.js/
1572539042885	addons.webextension.screenshots@mozilla.org	WARN	Loading extension 'screenshots@mozilla.org': Reading manifest: Invalid extension permission: about:reader*
1572539044742	Marionette	INFO	Listening on port 33293
1572539044842	Marionette	WARN	TLS certificate errors will be ignored for this session

(/usr/lib/firefox/firefox:23097): dconf-WARNING **: 00:24:09.000: Unable to open /var/lib/snapd/desktop/dconf/profile/user: 权限不够
1572539212761	mozrunner::runner	INFO	Running command: "/usr/bin/firefox" "-marionette" "--disable-gpu" "-foreground" "-no-remote" "-profile" "/tmp/rust_mozprofilexuDYwL"
1572539213278	addons.webextension.screenshots@mozilla.org	WARN	Loading extension 'screenshots@mozilla.org': Reading manifest: Invalid extension permission: mozillaAddons
1572539213278	addons.webextension.screenshots@mozilla.org	WARN	Loading extension 'screenshots@mozilla.org': Reading manifest: Invalid extension permission: telemetry
1572539213278	addons.webextension.screenshots@mozilla.org	WARN	Loading extension 'screenshots@mozilla.org': Reading manifest: Invalid extension permission: resource://pdf.js/
1572539213279	addons.webextension.screenshots@mozilla.org	WARN	Loading extension 'screenshots@mozilla.org': Reading manifest: Invalid extension permission: about:reader*
1572539214926	Marionette	INFO	Listening on port 40477
1572539215006	Marionette	WARN	TLS certificate errors will be ignored for this session
1572539507682	mozrunner::runner	INFO	Running command: "/usr/bin/firefox" "-marionette" "--disable-gpu" "-foreground" "-no-remote" "-profile" "/tmp/rust_mozprofileGg5BNk"
1572539508376	addons.webextension.screenshots@mozilla.org	WARN	Loading extension 'screenshots@mozilla.org': Reading manifest: Invalid extension permission: mozillaAddons
1572539508376	addons.webextension.screenshots@mozilla.org	WARN	Loading extension 'screenshots@mozilla.org': Reading manifest: Invalid extension permission: telemetry
1572539508376	addons.webextension.screenshots@mozilla.org	WARN	Loading extension 'screenshots@mozilla.org': Reading manifest: Invalid extension permission: resource://pdf.js/
1572539508376	addons.webextension.screenshots@mozilla.org	WARN	Loading extension 'screenshots@mozilla.org': Reading manifest: Invalid extension permission: about:reader*
1572539510315	Marionette	INFO	Listening on port 41103
1572539510392	Marionette	WARN	TLS certificate errors will be ignored for this session

(/usr/lib/firefox/firefox:24414): dconf-WARNING **: 00:31:54.981: Unable to open /var/lib/snapd/desktop/dconf/profile/user: 权限不够
[Parent 22991, Gecko_IOThread] WARNING: pipe error (82): 连接被对方重设: file /build/firefox-gS7uvX/firefox-69.0+build2/ipc/chromium/src/chrome/common/ipc_channel_posix.cc, line 358
[Parent 22991, Gecko_IOThread] WARNING: pipe error (74): 连接被对方重设: file /build/firefox-gS7uvX/firefox-69.0+build2/ipc/chromium/src/chrome/common/ipc_channel_posix.cc, line 358
[Parent 24313, Gecko_IOThread] WARNING: pipe error (83): 连接被对方重设: file /build/firefox-gS7uvX/firefox-69.0+build2/ipc/chromium/src/chrome/common/ipc_channel_posix.cc, line 358
[Parent 23488, Gecko_IOThread] WARNING: pipe error (82): 连接被对方重设: file /build/firefox-gS7uvX/firefox-69.0+build2/ipc/chromium/src/chrome/common/ipc_channel_posix.cc, line 358
[Parent 23488, Gecko_IOThread] WARNING: pipe error (83): 连接被对方重设: file /build/firefox-gS7uvX/firefox-69.0+build2/ipc/chromium/src/chrome/common/ipc_channel_posix.cc, line 358
[Parent 24313, Gecko_IOThread] WARNING: pipe error (82): 连接被对方重设: file /build/firefox-gS7uvX/firefox-69.0+build2/ipc/chromium/src/chrome/common/ipc_channel_posix.cc, line 358
1572539592523	Marionette	INFO	Stopped listening on port 41103
1572539592559	Marionette	INFO	Stopped listening on port 33293
1572539592583	Marionette	INFO	Stopped listening on port 40477
1572539594612	mozrunner::runner	INFO	Running command: "/usr/bin/firefox" "-marionette" "--disable-gpu" "-foreground" "-no-remote" "-profile" "/tmp/rust_mozprofileY6iQdj"
1572539595242	addons.webextension.screenshots@mozilla.org	WARN	Loading extension 'screenshots@mozilla.org': Reading manifest: Invalid extension permission: mozillaAddons
1572539595242	addons.webextension.screenshots@mozilla.org	WARN	Loading extension 'screenshots@mozilla.org': Reading manifest: Invalid extension permission: telemetry
1572539595242	addons.webextension.screenshots@mozilla.org	WARN	Loading extension 'screenshots@mozilla.org': Reading manifest: Invalid extension permission: resource://pdf.js/
1572539595242	addons.webextension.screenshots@mozilla.org	WARN	Loading extension 'screenshots@mozilla.org': Reading manifest: Invalid extension permission: about:reader*
1572539596999	Marionette	INFO	Listening on port 35745
1572539597087	Marionette	WARN	TLS certificate errors will be ignored for this session

(/usr/lib/firefox/firefox:24778): dconf-WARNING **: 00:33:23.961: Unable to open /var/lib/snapd/desktop/dconf/profile/user: 权限不够
[Parent 24679, Gecko_IOThread] WARNING: pipe error (82): 连接被对方重设: file /build/firefox-gS7uvX/firefox-69.0+build2/ipc/chromium/src/chrome/common/ipc_channel_posix.cc, line 358
[Parent 24679, Gecko_IOThread] WARNING: pipe error (99): 连接被对方重设: file /build/firefox-gS7uvX/firefox-69.0+build2/ipc/chromium/src/chrome/common/ipc_channel_posix.cc, line 358
1572539653762	Marionette	INFO	Stopped listening on port 35745
1572539663257	mozrunner::runner	INFO	Running command: "/usr/bin/firefox" "-marionette" "--disable-gpu" "-foreground" "-no-remote" "-profile" "/tmp/rust_mozprofileslVk7r"
1572539663745	addons.webextension.screenshots@mozilla.org	WARN	Loading extension 'screenshots@mozilla.org': Reading manifest: Invalid extension permission: mozillaAddons
1572539663745	addons.webextension.screenshots@mozilla.org	WARN	Loading extension 'screenshots@mozilla.org': Reading manifest: Invalid extension permission: telemetry
1572539663746	addons.webextension.screenshots@mozilla.org	WARN	Loading extension 'screenshots@mozilla.org': Reading manifest: Invalid extension permission: resource://pdf.js/
1572539663746	addons.webextension.screenshots@mozilla.org	WARN	Loading extension 'screenshots@mozilla.org': Reading manifest: Invalid extension permission: about:reader*
1572539665390	Marionette	INFO	Listening on port 38021
1572539665470	Marionette	WARN	TLS certificate errors will be ignored for this session

(/usr/lib/firefox/firefox:25075): dconf-WARNING **: 00:34:29.740: Unable to open /var/lib/snapd/desktop/dconf/profile/user: 权限不够
1572539672948	Marionette	WARN	TimedPromise timed out after 0 ms: stacktrace:
bail@chrome://marionette/content/sync.js:237:64
1572539673210	Marionette	WARN	TimedPromise timed out after 0 ms: stacktrace:
bail@chrome://marionette/content/sync.js:237:64
1572539673724	Marionette	WARN	TimedPromise timed out after 0 ms: stacktrace:
bail@chrome://marionette/content/sync.js:237:64
1572539674470	Marionette	WARN	TimedPromise timed out after 0 ms: stacktrace:
bail@chrome://marionette/content/sync.js:237:64
1572539674911	Marionette	WARN	TimedPromise timed out after 0 ms: stacktrace:
bail@chrome://marionette/content/sync.js:237:64
1572539675474	Marionette	WARN	TimedPromise timed out after 0 ms: stacktrace:
bail@chrome://marionette/content/sync.js:237:64
1572539676128	Marionette	WARN	TimedPromise timed out after 0 ms: stacktrace:
bail@chrome://marionette/content/sync.js:237:64
1572539676824	Marionette	WARN	TimedPromise timed out after 0 ms: stacktrace:
bail@chrome://marionette/content/sync.js:237:64
1572539677219	Marionette	WARN	TimedPromise timed out after 0 ms: stacktrace:
bail@chrome://marionette/content/sync.js:237:64
1572539677996	Marionette	WARN	TimedPromise timed out after 0 ms: stacktrace:
bail@chrome://marionette/content/sync.js:237:64
1572539678568	Marionette	WARN	TimedPromise timed out after 0 ms: stacktrace:
bail@chrome://marionette/content/sync.js:237:64
1572539679141	Marionette	WARN	TimedPromise timed out after 0 ms: stacktrace:
bail@chrome://marionette/content/sync.js:237:64
1572539679524	Marionette	WARN	TimedPromise timed out after 0 ms: stacktrace:
bail@chrome://marionette/content/sync.js:237:64
1572539679928	Marionette	WARN	TimedPromise timed out after 0 ms: stacktrace:
bail@chrome://marionette/content/sync.js:237:64
1572539680370	Marionette	WARN	TimedPromise timed out after 0 ms: stacktrace:
bail@chrome://marionette/content/sync.js:237:64
1572539680890	Marionette	WARN	TimedPromise timed out after 0 ms: stacktrace:
bail@chrome://marionette/content/sync.js:237:64
1572539681357	Marionette	WARN	TimedPromise timed out after 0 ms: stacktrace:
bail@chrome://marionette/content/sync.js:237:64
1572539681877	Marionette	WARN	TimedPromise timed out after 0 ms: stacktrace:
bail@chrome://marionette/content/sync.js:237:64
1572539682403	Marionette	WARN	TimedPromise timed out after 0 ms: stacktrace:
bail@chrome://marionette/content/sync.js:237:64
1572539683030	Marionette	WARN	TimedPromise timed out after 0 ms: stacktrace:
bail@chrome://marionette/content/sync.js:237:64
1572539683767	Marionette	WARN	TimedPromise timed out after 0 ms: stacktrace:
bail@chrome://marionette/content/sync.js:237:64
1572539684438	Marionette	WARN	TimedPromise timed out after 0 ms: stacktrace:
bail@chrome://marionette/content/sync.js:237:64
1572539685154	Marionette	WARN	TimedPromise timed out after 0 ms: stacktrace:
bail@chrome://marionette/content/sync.js:237:64
1572539685775	Marionette	WARN	TimedPromise timed out after 0 ms: stacktrace:
bail@chrome://marionette/content/sync.js:237:64
1572539686410	Marionette	WARN	TimedPromise timed out after 0 ms: stacktrace:
bail@chrome://marionette/content/sync.js:237:64
1572539687124	Marionette	WARN	TimedPromise timed out after 0 ms: stacktrace:
bail@chrome://marionette/content/sync.js:237:64
1572539687565	Marionette	WARN	TimedPromise timed out after 0 ms: stacktrace:
bail@chrome://marionette/content/sync.js:237:64
1572539688330	Marionette	WARN	TimedPromise timed out after 0 ms: stacktrace:
bail@chrome://marionette/content/sync.js:237:64
1572539689021	Marionette	WARN	TimedPromise timed out after 0 ms: stacktrace:
bail@chrome://marionette/content/sync.js:237:64
1572539689771	Marionette	WARN	TimedPromise timed out after 0 ms: stacktrace:
bail@chrome://marionette/content/sync.js:237:64
1572539690396	Marionette	WARN	TimedPromise timed out after 0 ms: stacktrace:
bail@chrome://marionette/content/sync.js:237:64
1572539690826	Marionette	WARN	TimedPromise timed out after 0 ms: stacktrace:
bail@chrome://marionette/content/sync.js:237:64
1572539691470	Marionette	WARN	TimedPromise timed out after 0 ms: stacktrace:
bail@chrome://marionette/content/sync.js:237:64
1572539692002	Marionette	WARN	TimedPromise timed out after 0 ms: stacktrace:
bail@chrome://marionette/content/sync.js:237:64
1572539692554	Marionette	WARN	TimedPromise timed out after 0 ms: stacktrace:
bail@chrome://marionette/content/sync.js:237:64
1572539693184	Marionette	WARN	TimedPromise timed out after 0 ms: stacktrace:
bail@chrome://marionette/content/sync.js:237:64
1572539693780	Marionette	WARN	TimedPromise timed out after 0 ms: stacktrace:
bail@chrome://marionette/content/sync.js:237:64
1572539694249	Marionette	WARN	TimedPromise timed out after 0 ms: stacktrace:
bail@chrome://marionette/content/sync.js:237:64
1572539694963	Marionette	WARN	TimedPromise timed out after 0 ms: stacktrace:
bail@chrome://marionette/content/sync.js:237:64
1572539695550	Marionette	WARN	TimedPromise timed out after 0 ms: stacktrace:
bail@chrome://marionette/content/sync.js:237:64
1572539695972	Marionette	WARN	TimedPromise timed out after 0 ms: stacktrace:
bail@chrome://marionette/content/sync.js:237:64
1572539696565	Marionette	WARN	TimedPromise timed out after 0 ms: stacktrace:
bail@chrome://marionette/content/sync.js:237:64
1572539697302	Marionette	WARN	TimedPromise timed out after 0 ms: stacktrace:
bail@chrome://marionette/content/sync.js:237:64
1572539697311	Marionette	INFO	Stopped listening on port 38021
1572971173055	mozrunner::runner	INFO	Running command: "/usr/bin/firefox" "-marionette" "--disable-gpu" "-foreground" "-no-remote" "-profile" "/tmp/rust_mozprofile243wba"
1572971177461	addons.webextension.screenshots@mozilla.org	WARN	Loading extension 'screenshots@mozilla.org': Reading manifest: Invalid extension permission: mozillaAddons
1572971177461	addons.webextension.screenshots@mozilla.org	WARN	Loading extension 'screenshots@mozilla.org': Reading manifest: Invalid extension permission: telemetry
1572971177461	addons.webextension.screenshots@mozilla.org	WARN	Loading extension 'screenshots@mozilla.org': Reading manifest: Invalid extension permission: resource://pdf.js/
1572971177461	addons.webextension.screenshots@mozilla.org	WARN	Loading extension 'screenshots@mozilla.org': Reading manifest: Invalid extension permission: about:reader*
1572971181560	Marionette	INFO	Listening on port 42989
1572971181572	Marionette	WARN	TLS certificate errors will be ignored for this session

(/usr/lib/firefox/firefox:27640): dconf-WARNING **: 00:26:28.987: Unable to open /var/lib/snapd/desktop/dconf/profile/user: 权限不够
1572971204531	Marionette	INFO	Stopped listening on port 42989
1572971227476	mozrunner::runner	INFO	Running command: "/usr/bin/firefox" "-marionette" "--disable-gpu" "-foreground" "-no-remote" "-profile" "/tmp/rust_mozprofile710mbR"
1572971228236	addons.webextension.screenshots@mozilla.org	WARN	Loading extension 'screenshots@mozilla.org': Reading manifest: Invalid extension permission: mozillaAddons
1572971228236	addons.webextension.screenshots@mozilla.org	WARN	Loading extension 'screenshots@mozilla.org': Reading manifest: Invalid extension permission: telemetry
1572971228237	addons.webextension.screenshots@mozilla.org	WARN	Loading extension 'screenshots@mozilla.org': Reading manifest: Invalid extension permission: resource://pdf.js/
1572971228237	addons.webextension.screenshots@mozilla.org	WARN	Loading extension 'screenshots@mozilla.org': Reading manifest: Invalid extension permission: about:reader*
1572971230057	Marionette	INFO	Listening on port 34299
1572971230107	Marionette	WARN	TLS certificate errors will be ignored for this session

(/usr/lib/firefox/firefox:28837): dconf-WARNING **: 00:27:15.522: Unable to open /var/lib/snapd/desktop/dconf/profile/user: 权限不够
1572971253874	mozrunner::runner	INFO	Running command: "/usr/bin/firefox" "-marionette" "--disable-gpu" "-foreground" "-no-remote" "-profile" "/tmp/rust_mozprofilekWzp6f"
1572971254331	addons.webextension.screenshots@mozilla.org	WARN	Loading extension 'screenshots@mozilla.org': Reading manifest: Invalid extension permission: mozillaAddons
1572971254331	addons.webextension.screenshots@mozilla.org	WARN	Loading extension 'screenshots@mozilla.org': Reading manifest: Invalid extension permission: telemetry
1572971254331	addons.webextension.screenshots@mozilla.org	WARN	Loading extension 'screenshots@mozilla.org': Reading manifest: Invalid extension permission: resource://pdf.js/
1572971254331	addons.webextension.screenshots@mozilla.org	WARN	Loading extension 'screenshots@mozilla.org': Reading manifest: Invalid extension permission: about:reader*
1572971255978	Marionette	INFO	Listening on port 40923
1572971255988	Marionette	WARN	TLS certificate errors will be ignored for this session

(/usr/lib/firefox/firefox:29597): dconf-WARNING **: 00:27:41.010: Unable to open /var/lib/snapd/desktop/dconf/profile/user: 权限不够
[Parent 28716, Gecko_IOThread] WARNING: pipe error (82): 连接被对方重设: file /build/firefox-gS7uvX/firefox-69.0+build2/ipc/chromium/src/chrome/common/ipc_channel_posix.cc, line 358
[Parent 28716, Gecko_IOThread] WARNING: pipe error (96): 连接被对方重设: file /build/firefox-gS7uvX/firefox-69.0+build2/ipc/chromium/src/chrome/common/ipc_channel_posix.cc, line 358
1572971309371	Marionette	INFO	Stopped listening on port 34299
1572971309530	Marionette	INFO	Stopped listening on port 40923
1572971313007	mozrunner::runner	INFO	Running command: "/usr/bin/firefox" "-marionette" "--disable-gpu" "-foreground" "-no-remote" "-profile" "/tmp/rust_mozprofileJ5Ibqz"
1572971313469	addons.webextension.screenshots@mozilla.org	WARN	Loading extension 'screenshots@mozilla.org': Reading manifest: Invalid extension permission: mozillaAddons
1572971313470	addons.webextension.screenshots@mozilla.org	WARN	Loading extension 'screenshots@mozilla.org': Reading manifest: Invalid extension permission: telemetry
1572971313470	addons.webextension.screenshots@mozilla.org	WARN	Loading extension 'screenshots@mozilla.org': Reading manifest: Invalid extension permission: resource://pdf.js/
1572971313470	addons.webextension.screenshots@mozilla.org	WARN	Loading extension 'screenshots@mozilla.org': Reading manifest: Invalid extension permission: about:reader*
1572971315314	Marionette	INFO	Listening on port 40705
1572971315413	Marionette	WARN	TLS certificate errors will be ignored for this session

(/usr/lib/firefox/firefox:30977): dconf-WARNING **: 00:28:44.642: Unable to open /var/lib/snapd/desktop/dconf/profile/user: 权限不够
1572971329149	Marionette	INFO	Stopped listening on port 40705
1572971402141	mozrunner::runner	INFO	Running command: "/usr/bin/firefox" "-marionette" "--disable-gpu" "-foreground" "-no-remote" "-profile" "/tmp/rust_mozprofileuEQfeL"
1572971402590	addons.webextension.screenshots@mozilla.org	WARN	Loading extension 'screenshots@mozilla.org': Reading manifest: Invalid extension permission: mozillaAddons
1572971402590	addons.webextension.screenshots@mozilla.org	WARN	Loading extension 'screenshots@mozilla.org': Reading manifest: Invalid extension permission: telemetry
1572971402590	addons.webextension.screenshots@mozilla.org	WARN	Loading extension 'screenshots@mozilla.org': Reading manifest: Invalid extension permission: resource://pdf.js/
1572971402591	addons.webextension.screenshots@mozilla.org	WARN	Loading extension 'screenshots@mozilla.org': Reading manifest: Invalid extension permission: about:reader*
1572971404199	Marionette	INFO	Listening on port 44739
1572971404270	Marionette	WARN	TLS certificate errors will be ignored for this session

(/usr/lib/firefox/firefox:565): dconf-WARNING **: 00:30:08.635: Unable to open /var/lib/snapd/desktop/dconf/profile/user: 权限不够
1572971416813	Marionette	INFO	Stopped listening on port 44739
1572971458546	mozrunner::runner	INFO	Running command: "/usr/bin/firefox" "-marionette" "--disable-gpu" "-foreground" "-no-remote" "-profile" "/tmp/rust_mozprofilet3uUV3"
1572971459018	addons.webextension.screenshots@mozilla.org	WARN	Loading extension 'screenshots@mozilla.org': Reading manifest: Invalid extension permission: mozillaAddons
1572971459018	addons.webextension.screenshots@mozilla.org	WARN	Loading extension 'screenshots@mozilla.org': Reading manifest: Invalid extension permission: telemetry
1572971459018	addons.webextension.screenshots@mozilla.org	WARN	Loading extension 'screenshots@mozilla.org': Reading manifest: Invalid extension permission: resource://pdf.js/
1572971459018	addons.webextension.screenshots@mozilla.org	WARN	Loading extension 'screenshots@mozilla.org': Reading manifest: Invalid extension permission: about:reader*
1572971460661	Marionette	INFO	Listening on port 36533
1572971460758	Marionette	WARN	TLS certificate errors will be ignored for this session

(/usr/lib/firefox/firefox:2113): dconf-WARNING **: 00:31:05.330: Unable to open /var/lib/snapd/desktop/dconf/profile/user: 权限不够
1572971469802	Marionette	WARN	TimedPromise timed out after 0 ms: stacktrace:
bail@chrome://marionette/content/sync.js:237:64
1572971470079	Marionette	WARN	TimedPromise timed out after 0 ms: stacktrace:
bail@chrome://marionette/content/sync.js:237:64
1572971470591	Marionette	WARN	TimedPromise timed out after 0 ms: stacktrace:
bail@chrome://marionette/content/sync.js:237:64
1572971470860	Marionette	WARN	TimedPromise timed out after 0 ms: stacktrace:
bail@chrome://marionette/content/sync.js:237:64
1572971471143	Marionette	WARN	TimedPromise timed out after 0 ms: stacktrace:
bail@chrome://marionette/content/sync.js:237:64
1572971592368	mozrunner::runner	INFO	Running command: "/usr/bin/firefox" "-marionette" "--disable-gpu" "-foreground" "-no-remote" "-profile" "/tmp/rust_mozprofileoRZs10"
1572971592850	addons.webextension.screenshots@mozilla.org	WARN	Loading extension 'screenshots@mozilla.org': Reading manifest: Invalid extension permission: mozillaAddons
1572971592850	addons.webextension.screenshots@mozilla.org	WARN	Loading extension 'screenshots@mozilla.org': Reading manifest: Invalid extension permission: telemetry
1572971592850	addons.webextension.screenshots@mozilla.org	WARN	Loading extension 'screenshots@mozilla.org': Reading manifest: Invalid extension permission: resource://pdf.js/
1572971592850	addons.webextension.screenshots@mozilla.org	WARN	Loading extension 'screenshots@mozilla.org': Reading manifest: Invalid extension permission: about:reader*
1572971594425	Marionette	INFO	Listening on port 41997
1572971594528	Marionette	WARN	TLS certificate errors will be ignored for this session

(/usr/lib/firefox/firefox:5285): dconf-WARNING **: 00:33:21.343: Unable to open /var/lib/snapd/desktop/dconf/profile/user: 权限不够
1572971601619	Marionette	INFO	Stopped listening on port 41997
1572971648237	mozrunner::runner	INFO	Running command: "/usr/bin/firefox" "-marionette" "--disable-gpu" "-foreground" "-no-remote" "-profile" "/tmp/rust_mozprofileZnIOvx"
1572971648681	addons.webextension.screenshots@mozilla.org	WARN	Loading extension 'screenshots@mozilla.org': Reading manifest: Invalid extension permission: mozillaAddons
1572971648681	addons.webextension.screenshots@mozilla.org	WARN	Loading extension 'screenshots@mozilla.org': Reading manifest: Invalid extension permission: telemetry
1572971648682	addons.webextension.screenshots@mozilla.org	WARN	Loading extension 'screenshots@mozilla.org': Reading manifest: Invalid extension permission: resource://pdf.js/
1572971648682	addons.webextension.screenshots@mozilla.org	WARN	Loading extension 'screenshots@mozilla.org': Reading manifest: Invalid extension permission: about:reader*
1572971650326	Marionette	INFO	Listening on port 42321
1572971650348	Marionette	WARN	TLS certificate errors will be ignored for this session

(/usr/lib/firefox/firefox:6632): dconf-WARNING **: 00:34:17.871: Unable to open /var/lib/snapd/desktop/dconf/profile/user: 权限不够
1572971658395	Marionette	WARN	TimedPromise timed out after 0 ms: stacktrace:
bail@chrome://marionette/content/sync.js:237:64
1572971658668	Marionette	WARN	TimedPromise timed out after 0 ms: stacktrace:
bail@chrome://marionette/content/sync.js:237:64
1572971659185	Marionette	WARN	TimedPromise timed out after 0 ms: stacktrace:
bail@chrome://marionette/content/sync.js:237:64
1572971659459	Marionette	WARN	TimedPromise timed out after 0 ms: stacktrace:
bail@chrome://marionette/content/sync.js:237:64
1572971659718	Marionette	WARN	TimedPromise timed out after 0 ms: stacktrace:
bail@chrome://marionette/content/sync.js:237:64
1572972306082	mozrunner::runner	INFO	Running command: "/usr/bin/firefox" "-marionette" "--disable-gpu" "-foreground" "-no-remote" "-profile" "/tmp/rust_mozprofileatIT3i"
1572972306748	addons.webextension.screenshots@mozilla.org	WARN	Loading extension 'screenshots@mozilla.org': Reading manifest: Invalid extension permission: mozillaAddons
1572972306749	addons.webextension.screenshots@mozilla.org	WARN	Loading extension 'screenshots@mozilla.org': Reading manifest: Invalid extension permission: telemetry
1572972306749	addons.webextension.screenshots@mozilla.org	WARN	Loading extension 'screenshots@mozilla.org': Reading manifest: Invalid extension permission: resource://pdf.js/
1572972306749	addons.webextension.screenshots@mozilla.org	WARN	Loading extension 'screenshots@mozilla.org': Reading manifest: Invalid extension permission: about:reader*
1572972308569	Marionette	INFO	Listening on port 41667
1572972308611	Marionette	WARN	TLS certificate errors will be ignored for this session

(/usr/lib/firefox/firefox:20155): dconf-WARNING **: 00:45:15.036: Unable to open /var/lib/snapd/desktop/dconf/profile/user: 权限不够
1572972315397	Marionette	INFO	Stopped listening on port 41667
[Parent 6510, Gecko_IOThread] WARNING: pipe error (82): 连接被对方重设: file /build/firefox-gS7uvX/firefox-69.0+build2/ipc/chromium/src/chrome/common/ipc_channel_posix.cc, line 358
[Parent 1983, Gecko_IOThread] WARNING: pipe error (82): 连接被对方重设: file /build/firefox-gS7uvX/firefox-69.0+build2/ipc/chromium/src/chrome/common/ipc_channel_posix.cc, line 358
